<?xml version="1.0"?>
<!--Phoronix Test Suite v10.2.1-->
<PhoronixTestSuite>
  <TestInformation>
    <Title>JPEG XL</Title>
    <AppVersion>0.3.1</AppVersion>
    <Description>The JPEG XL Image Coding System is designed to provide next-generation JPEG image capabilities with JPEG XL offering better image quality and compression over legacy JPEG. This test profile is currently focused on the multi-threaded JPEG XL image encode performance.</Description>
    <ResultScale>MP/s</ResultScale>
    <Proportion>HIB</Proportion>
    <TimesToRun>3</TimesToRun>
  </TestInformation>
  <TestProfile>
    <Version>1.0.1</Version>
    <SupportedPlatforms>Linux, MacOSX, BSD</SupportedPlatforms>
    <SoftwareType>Utility</SoftwareType>
    <TestType>Processor</TestType>
    <License>Free</License>
    <Status>Verified</Status>
    <ExternalDependencies>build-utilities, jpeg-development, cmake</ExternalDependencies>
    <EnvironmentSize>126</EnvironmentSize>
    <ProjectURL>https://jpeg.org/jpegxl/</ProjectURL>
    <Maintainer>Michael Larabel</Maintainer>
    <SystemDependencies>gif_lib.h, gtest/gtest.h, brotli/encode.h</SystemDependencies>
  </TestProfile>
  <TestSettings>
    <Option>
      <DisplayName>Mode</DisplayName>
      <Identifier>mode</Identifier>
      <Menu>
        <Entry>
          <Name>Image Encoding, speed 5</Name>
          <Value>-j -s 5 --num_reps 20</Value>
        </Entry>
        <Entry>
          <Name>Image Encoding, speed 7</Name>
          <Value>-j -s 7 --num_reps 20</Value>
          <Message>Default</Message>
        </Entry>
        <Entry>
          <Name>Image Encoding, speed 8</Name>
          <Value>-j -s 8 --num_reps 10</Value>
        </Entry>
        <Entry>
          <Name>Image Decoding</Name>
          <Value>decode --num_reps 100</Value>
        </Entry>
        <Entry>
          <Name>JPEG recompression, speed 7</Name>
          <Value>-s 7 --num_reps 50</Value>
          <Message>Default</Message>
        </Entry>
        <Entry>
          <Name>JPEG recompression, speed 8</Name>
          <Value>-s 8 --num_reps 15</Value>
        </Entry>
      </Menu>
    </Option>
    <Option>
      <DisplayName>Threads</DisplayName>
      <Identifier>threads</Identifier>
      <Menu>
        <Entry>
          <Name>1</Name>
          <Value>--num_threads 0</Value>
        </Entry>
        <Entry>
          <Name>default</Name>
          <Value></Value>
        </Entry>
      </Menu>
    </Option>
  </TestSettings>
</PhoronixTestSuite>
